{"uuid":"b34ab500-b2aa-4fb7-aa79-3932174e5e49","historyId":"c64121ab921d2aa877c3d9fce724d325","fullName":"practical.exam.Mindaug4sBinBash.FirstTaskTest.testAccountCreation","labels":[{"name":"package","value":"practical.exam.Mindaug4sBinBash.FirstTaskTest"},{"name":"testClass","value":"practical.exam.Mindaug4sBinBash.FirstTaskTest"},{"name":"testMethod","value":"testAccountCreation"},{"name":"parentSuite","value":"RegressionTest - Suite"},{"name":"suite","value":"FireFox test"},{"name":"subSuite","value":"practical.exam.Mindaug4sBinBash.FirstTaskTest"},{"name":"host","value":"Mindaug4s-PC"},{"name":"thread","value":"9648@Mindaug4s-PC.TestNG(13)"}],"links":[],"name":"testAccountCreation","status":"broken","statusDetails":{"known":false,"muted":false,"flaky":false,"message":"Element not found in the cache - perhaps the page has changed since it was looked up\nCommand duration or timeout: 10.04 seconds\nFor documentation on this error, please visit: http://seleniumhq.org/exceptions/stale_element_reference.html\nBuild info: version: '2.53.1', revision: 'a36b8b1cd5757287168e54b817830adce9b0158d', time: '2016-06-30 19:26:09'\nSystem info: host: 'Mindaug4s-PC', ip: '192.168.56.1', os.name: 'Windows 7', os.arch: 'amd64', os.version: '6.1', java.version: '1.8.0_101'\nDriver info: org.openqa.selenium.firefox.FirefoxDriver\nCapabilities [{applicationCacheEnabled=true, rotatable=false, handlesAlerts=true, databaseEnabled=true, version=47.0.1, platform=WINDOWS, nativeEvents=false, acceptSslCerts=true, webStorageEnabled=true, locationContextEnabled=true, browserName=firefox, takesScreenshot=true, javascriptEnabled=true, cssSelectorsEnabled=true}]\nSession ID: 6c3443ce-ad8e-4d69-a123-93ac13e55f48","trace":"org.openqa.selenium.StaleElementReferenceException: Element not found in the cache - perhaps the page has changed since it was looked up\nCommand duration or timeout: 10.04 seconds\nFor documentation on this error, please visit: http://seleniumhq.org/exceptions/stale_element_reference.html\nBuild info: version: '2.53.1', revision: 'a36b8b1cd5757287168e54b817830adce9b0158d', time: '2016-06-30 19:26:09'\nSystem info: host: 'Mindaug4s-PC', ip: '192.168.56.1', os.name: 'Windows 7', os.arch: 'amd64', os.version: '6.1', java.version: '1.8.0_101'\nDriver info: org.openqa.selenium.firefox.FirefoxDriver\nCapabilities [{applicationCacheEnabled=true, rotatable=false, handlesAlerts=true, databaseEnabled=true, version=47.0.1, platform=WINDOWS, nativeEvents=false, acceptSslCerts=true, webStorageEnabled=true, locationContextEnabled=true, browserName=firefox, takesScreenshot=true, javascriptEnabled=true, cssSelectorsEnabled=true}]\nSession ID: 6c3443ce-ad8e-4d69-a123-93ac13e55f48\r\n\tat sun.reflect.NativeConstructorAccessorImpl.newInstance0(Native Method)\r\n\tat sun.reflect.NativeConstructorAccessorImpl.newInstance(Unknown Source)\r\n\tat sun.reflect.DelegatingConstructorAccessorImpl.newInstance(Unknown Source)\r\n\tat java.lang.reflect.Constructor.newInstance(Unknown Source)\r\n\tat org.openqa.selenium.remote.ErrorHandler.createThrowable(ErrorHandler.java:206)\r\n\tat org.openqa.selenium.remote.ErrorHandler.throwIfResponseFailed(ErrorHandler.java:158)\r\n\tat org.openqa.selenium.remote.RemoteWebDriver.execute(RemoteWebDriver.java:678)\r\n\tat org.openqa.selenium.remote.RemoteWebElement.execute(RemoteWebElement.java:327)\r\n\tat org.openqa.selenium.remote.RemoteWebElement.getAttribute(RemoteWebElement.java:150)\r\n\tat org.openqa.selenium.support.ui.Select.selectByIndex(Select.java:177)\r\n\tat tests.methods.FirstTaskTestMethods.fillSelectFields(FirstTaskTestMethods.java:70)\r\n\tat practical.exam.Mindaug4sBinBash.FirstTaskTest.testAccountCreation(FirstTaskTest.java:31)\r\n\tat sun.reflect.NativeMethodAccessorImpl.invoke0(Native Method)\r\n\tat sun.reflect.NativeMethodAccessorImpl.invoke(Unknown Source)\r\n\tat sun.reflect.DelegatingMethodAccessorImpl.invoke(Unknown Source)\r\n\tat java.lang.reflect.Method.invoke(Unknown Source)\r\n\tat org.testng.internal.MethodInvocationHelper.invokeMethod(MethodInvocationHelper.java:80)\r\n\tat org.testng.internal.Invoker.invokeMethod(Invoker.java:714)\r\n\tat org.testng.internal.Invoker.invokeTestMethod(Invoker.java:901)\r\n\tat org.testng.internal.Invoker.invokeTestMethods(Invoker.java:1231)\r\n\tat org.testng.internal.TestMethodWorker.invokeTestMethods(TestMethodWorker.java:127)\r\n\tat org.testng.internal.TestMethodWorker.run(TestMethodWorker.java:111)\r\n\tat org.testng.TestRunner.privateRun(TestRunner.java:767)\r\n\tat org.testng.TestRunner.run(TestRunner.java:617)\r\n\tat org.testng.SuiteRunner.runTest(SuiteRunner.java:334)\r\n\tat org.testng.SuiteRunner.access$000(SuiteRunner.java:37)\r\n\tat org.testng.SuiteRunner$SuiteWorker.run(SuiteRunner.java:368)\r\n\tat org.testng.internal.thread.ThreadUtil$2.call(ThreadUtil.java:64)\r\n\tat java.util.concurrent.FutureTask.run(Unknown Source)\r\n\tat java.util.concurrent.ThreadPoolExecutor.runWorker(Unknown Source)\r\n\tat java.util.concurrent.ThreadPoolExecutor$Worker.run(Unknown Source)\r\n\tat java.lang.Thread.run(Unknown Source)\r\nCaused by: org.openqa.selenium.StaleElementReferenceException: Element not found in the cache - perhaps the page has changed since it was looked up\nFor documentation on this error, please visit: http://seleniumhq.org/exceptions/stale_element_reference.html\nBuild info: version: '2.53.1', revision: 'a36b8b1cd5757287168e54b817830adce9b0158d', time: '2016-06-30 19:26:09'\nSystem info: host: 'Mindaug4s-PC', ip: '192.168.56.1', os.name: 'Windows 7', os.arch: 'amd64', os.version: '6.1', java.version: '1.8.0_101'\nDriver info: driver.version: unknown\r\n\tat <anonymous class>.fxdriver.cache.getElementAt(resource://fxdriver/modules/web-element-cache.js:9454)\r\n\tat <anonymous class>.Utils.getElementAt(file:///C:/Users/MINDAU~1/AppData/Local/Temp/anonymous7456590027465111264webdriver-profile/extensions/fxdriver@googlecode.com/components/command-processor.js:9039)\r\n\tat <anonymous class>.WebElement.getElementAttribute(file:///C:/Users/MINDAU~1/AppData/Local/Temp/anonymous7456590027465111264webdriver-profile/extensions/fxdriver@googlecode.com/components/command-processor.js:12146)\r\n\tat <anonymous class>.DelayedCommand.prototype.executeInternal_/h(file:///C:/Users/MINDAU~1/AppData/Local/Temp/anonymous7456590027465111264webdriver-profile/extensions/fxdriver@googlecode.com/components/command-processor.js:12661)\r\n\tat <anonymous class>.fxdriver.Timer.prototype.setTimeout/<.notify(file:///C:/Users/MINDAU~1/AppData/Local/Temp/anonymous7456590027465111264webdriver-profile/extensions/fxdriver@googlecode.com/components/command-processor.js:625)\r\n"},"stage":"finished","start":1498508353556,"stop":1498508364490,"parameters":[]}